Using pre-set license
Built from '2020.3/release' branch; Version is '2020.3.15f2 (6cf78cb77498) revision 7141260'; Using compiler version '192528614'; Build Type 'Release'
OS: 'Windows 10 Home; OS build 19043.1466; Version 2009; 64bit' Language: 'en' Physical Memory: 16307 MB
BatchMode: 1, IsHumanControllingUs: 0, StartBugReporterOnCrash: 0, Is64bit: 1, IsPro: 0

 COMMAND LINE ARGUMENTS:
C:\Program Files\Unity\Hub\Editor\2020.3.15f2\Editor\Unity.exe
-adb2
-batchMode
-noUpm
-name
AssetImportWorker0
-projectPath
C:/Users/KimHi/Desktop/Ethan Forest Monster Game
-logFile
Logs/AssetImportWorker0.log
-srvPort
54326
Successfully changed project path to: C:/Users/KimHi/Desktop/Ethan Forest Monster Game
C:/Users/KimHi/Desktop/Ethan Forest Monster Game
Using Asset Import Pipeline V2.
Refreshing native plugins compatible for Editor in 30.95 ms, found 3 plugins.
Preloading 0 native plugins for Editor in 0.00 ms.
Initialize engine version: 2020.3.15f2 (6cf78cb77498)
[Subsystems] Discovering subsystems at path C:/Program Files/Unity/Hub/Editor/2020.3.15f2/Editor/Data/Resources/UnitySubsystems
[Subsystems] Discovering subsystems at path C:/Users/KimHi/Desktop/Ethan Forest Monster Game/Assets
GfxDevice: creating device client; threaded=0
Direct3D:
    Version:  Direct3D 11.0 [level 11.0]
    Renderer: NVIDIA GeForce GTX TITAN Z (ID=0x1001)
    Vendor:   
    VRAM:     6035 MB
    Driver:   30.0.14.7212
Initialize mono
Mono path[0] = 'C:/Program Files/Unity/Hub/Editor/2020.3.15f2/Editor/Data/Managed'
Mono path[1] = 'C:/Program Files/Unity/Hub/Editor/2020.3.15f2/Editor/Data/MonoBleedingEdge/lib/mono/unityjit'
Mono config path = 'C:/Program Files/Unity/Hub/Editor/2020.3.15f2/Editor/Data/MonoBleedingEdge/etc'
Using monoOptions --debugger-agent=transport=dt_socket,embedding=1,server=y,suspend=n,address=127.0.0.1:56388
Begin MonoManager ReloadAssembly
Registering precompiled unity dll's ...
Register platform support module: C:/Program Files/Unity/Hub/Editor/2020.3.15f2/Editor/Data/PlaybackEngines/WindowsStandaloneSupport/UnityEditor.WindowsStandalone.Extensions.dll
Registered in 0.001492 seconds.
Native extension for WindowsStandalone target not found
Refreshing native plugins compatible for Editor in 29.18 ms, found 3 plugins.
Preloading 0 native plugins for Editor in 0.00 ms.
Mono: successfully reloaded assembly
- Completed reload, in  0.789 seconds
Domain Reload Profiling:
	ReloadAssembly (789ms)
		BeginReloadAssembly (38ms)
			ExecutionOrderSort (0ms)
			DisableScriptedObjects (0ms)
			BackupInstance (0ms)
			ReleaseScriptingObjects (0ms)
			CreateAndSetChildDomain (1ms)
		EndReloadAssembly (286ms)
			LoadAssemblies (36ms)
			RebuildTransferFunctionScriptingTraits (0ms)
			SetupTypeCache (98ms)
			ReleaseScriptCaches (0ms)
			RebuildScriptCaches (19ms)
			SetupLoadedEditorAssemblies (119ms)
				LogAssemblyErrors (0ms)
				InitializePlatformSupportModulesInManaged (3ms)
				SetLoadedEditorAssemblies (0ms)
				RefreshPlugins (29ms)
				BeforeProcessingInitializeOnLoad (10ms)
				ProcessInitializeOnLoadAttributes (58ms)
				ProcessInitializeOnLoadMethodAttributes (19ms)
				AfterProcessingInitializeOnLoad (0ms)
				EditorAssembliesLoaded (0ms)
			ExecutionOrderSort2 (0ms)
			AwakeInstancesAfterBackupRestoration (0ms)
Platform modules already initialized, skipping
Registering precompiled user dll's ...
Registered in 0.003177 seconds.
Begin MonoManager ReloadAssembly
Native extension for WindowsStandalone target not found
Refreshing native plugins compatible for Editor in 28.67 ms, found 3 plugins.
Preloading 0 native plugins for Editor in 0.00 ms.
Mono: successfully reloaded assembly
- Completed reload, in  0.863 seconds
Domain Reload Profiling:
	ReloadAssembly (864ms)
		BeginReloadAssembly (97ms)
			ExecutionOrderSort (0ms)
			DisableScriptedObjects (3ms)
			BackupInstance (0ms)
			ReleaseScriptingObjects (0ms)
			CreateAndSetChildDomain (16ms)
		EndReloadAssembly (717ms)
			LoadAssemblies (67ms)
			RebuildTransferFunctionScriptingTraits (0ms)
			SetupTypeCache (193ms)
			ReleaseScriptCaches (1ms)
			RebuildScriptCaches (31ms)
			SetupLoadedEditorAssemblies (337ms)
				LogAssemblyErrors (0ms)
				InitializePlatformSupportModulesInManaged (3ms)
				SetLoadedEditorAssemblies (0ms)
				RefreshPlugins (29ms)
				BeforeProcessingInitializeOnLoad (56ms)
				ProcessInitializeOnLoadAttributes (234ms)
				ProcessInitializeOnLoadMethodAttributes (9ms)
				AfterProcessingInitializeOnLoad (5ms)
				EditorAssembliesLoaded (0ms)
			ExecutionOrderSort2 (0ms)
			AwakeInstancesAfterBackupRestoration (5ms)
Platform modules already initialized, skipping
========================================================================
Worker process is ready to serve import requests
Launched and connected shader compiler UnityShaderCompiler.exe after 0.04 seconds
Refreshing native plugins compatible for Editor in 0.49 ms, found 3 plugins.
Preloading 0 native plugins for Editor in 0.00 ms.
Unloading 2100 Unused Serialized files (Serialized files now loaded: 0)
System memory in use before: 93.5 MB.
System memory in use after: 93.4 MB.

Unloading 32 unused Assets to reduce memory usage. Loaded Objects now: 2535.
Total: 2.102700 ms (FindLiveObjects: 0.207600 ms CreateObjectMapping: 0.040900 ms MarkObjects: 1.746600 ms  DeleteObjects: 0.106900 ms)

AssetImportParameters requested are different than current active one (requested -> active):
  custom:framework-win-MediaFoundation: 216162199b28c13a410421893ffa2e32 -> 
  custom:video-decoder-ogg-theora: a1e56fd34408186e4bbccfd4996cb3dc -> 
  custom:container-muxer-webm: aa71ff27fc2769a1b78a27578f13a17b -> 
  custom:container-demuxer-webm: 4f35f7cbe854078d1ac9338744f61a02 -> 
  custom:container-demuxer-ogg: 62fdf1f143b41e24485cea50d1cbac27 -> 
  custom:video-encoder-webm-vp8: eb34c28f22e8b96e1ab97ce403110664 -> 
  custom:video-decoder-webm-vp8: 9c59270c3fd7afecdb556c50c9e8de78 -> 
  custom:audio-decoder-ogg-vorbis: bf7c407c2cedff20999df2af8eb42d56 -> 
  custom:audio-encoder-webm-vorbis: bf7c407c2cedff20999df2af8eb42d56 -> 
========================================================================
Received Import Request.
  path: Assets/scripts/MapGenerator.cs
  artifactKey: Guid(3bf51c5d0169e3d4892010f9d736b797) Importer(815301076,1909f56bfc062723c751e8b465ee728b)
Start importing Assets/scripts/MapGenerator.cs using Guid(3bf51c5d0169e3d4892010f9d736b797) Importer(815301076,1909f56bfc062723c751e8b465ee728b)  -> (artifact id: '266123bed8f8ec0ff1da41bf8f5e7b93') in 0.031692 seconds 
  Import took 0.034300 seconds .

========================================================================
Received Import Request.
  Time since last request: 2189.335206 seconds.
  path: Assets/scripts/Node.cs
  artifactKey: Guid(99bc484cd0265de4bb61051e37d7b7d5) Importer(815301076,1909f56bfc062723c751e8b465ee728b)
Start importing Assets/scripts/Node.cs using Guid(99bc484cd0265de4bb61051e37d7b7d5) Importer(815301076,1909f56bfc062723c751e8b465ee728b)  -> (artifact id: '014970750c1b8d6538c49779de250a46') in 0.007044 seconds 
  Import took 0.010326 seconds .

========================================================================
Received Import Request.
  Time since last request: 0.001223 seconds.
  path: Assets/scripts/Node.cs
  artifactKey: Guid(99bc484cd0265de4bb61051e37d7b7d5) Importer(815301076,1909f56bfc062723c751e8b465ee728b)
Start importing Assets/scripts/Node.cs using Guid(99bc484cd0265de4bb61051e37d7b7d5) Importer(815301076,1909f56bfc062723c751e8b465ee728b)  -> (artifact id: '014970750c1b8d6538c49779de250a46') in 0.002890 seconds 
  Import took 0.005029 seconds .

========================================================================
Received Import Request.
  Time since last request: 24.473252 seconds.
  path: Assets/scripts/Node.cs
  artifactKey: Guid(99bc484cd0265de4bb61051e37d7b7d5) Importer(815301076,1909f56bfc062723c751e8b465ee728b)
Start importing Assets/scripts/Node.cs using Guid(99bc484cd0265de4bb61051e37d7b7d5) Importer(815301076,1909f56bfc062723c751e8b465ee728b)  -> (artifact id: '66ba73aa40f3b143ef2187d1acbe6a1d') in 0.002459 seconds 
  Import took 0.005022 seconds .

========================================================================
Received Import Request.
  Time since last request: 0.000714 seconds.
  path: Assets/scripts/Node.cs
  artifactKey: Guid(99bc484cd0265de4bb61051e37d7b7d5) Importer(815301076,1909f56bfc062723c751e8b465ee728b)
Start importing Assets/scripts/Node.cs using Guid(99bc484cd0265de4bb61051e37d7b7d5) Importer(815301076,1909f56bfc062723c751e8b465ee728b)  -> (artifact id: '66ba73aa40f3b143ef2187d1acbe6a1d') in 0.002452 seconds 
  Import took 0.004394 seconds .

========================================================================
Received Import Request.
  Time since last request: 30.553359 seconds.
  path: Assets/scripts/Node.cs
  artifactKey: Guid(99bc484cd0265de4bb61051e37d7b7d5) Importer(815301076,1909f56bfc062723c751e8b465ee728b)
Start importing Assets/scripts/Node.cs using Guid(99bc484cd0265de4bb61051e37d7b7d5) Importer(815301076,1909f56bfc062723c751e8b465ee728b)  -> (artifact id: '07a75ee6d7a1003f06d73297fae40fe4') in 0.003684 seconds 
  Import took 0.006555 seconds .

========================================================================
Received Import Request.
  Time since last request: 0.000614 seconds.
  path: Assets/scripts/Node.cs
  artifactKey: Guid(99bc484cd0265de4bb61051e37d7b7d5) Importer(815301076,1909f56bfc062723c751e8b465ee728b)
Start importing Assets/scripts/Node.cs using Guid(99bc484cd0265de4bb61051e37d7b7d5) Importer(815301076,1909f56bfc062723c751e8b465ee728b)  -> (artifact id: '07a75ee6d7a1003f06d73297fae40fe4') in 0.002264 seconds 
  Import took 0.004127 seconds .

========================================================================
Received Import Request.
  Time since last request: 37.346860 seconds.
  path: Assets/scripts/Node.cs
  artifactKey: Guid(99bc484cd0265de4bb61051e37d7b7d5) Importer(815301076,1909f56bfc062723c751e8b465ee728b)
Start importing Assets/scripts/Node.cs using Guid(99bc484cd0265de4bb61051e37d7b7d5) Importer(815301076,1909f56bfc062723c751e8b465ee728b)  -> (artifact id: 'de3642c08c2ef7df76da974d7b9e0e21') in 0.003355 seconds 
  Import took 0.006089 seconds .

========================================================================
Received Import Request.
  Time since last request: 24.834828 seconds.
  path: Assets/scripts/Node.cs
  artifactKey: Guid(99bc484cd0265de4bb61051e37d7b7d5) Importer(815301076,1909f56bfc062723c751e8b465ee728b)
Start importing Assets/scripts/Node.cs using Guid(99bc484cd0265de4bb61051e37d7b7d5) Importer(815301076,1909f56bfc062723c751e8b465ee728b)  -> (artifact id: '8cdeaf6ece580ba691546c9d2fc0dc29') in 0.003334 seconds 
  Import took 0.006115 seconds .

========================================================================
Received Import Request.
  Time since last request: 0.000621 seconds.
  path: Assets/scripts/Node.cs
  artifactKey: Guid(99bc484cd0265de4bb61051e37d7b7d5) Importer(815301076,1909f56bfc062723c751e8b465ee728b)
Start importing Assets/scripts/Node.cs using Guid(99bc484cd0265de4bb61051e37d7b7d5) Importer(815301076,1909f56bfc062723c751e8b465ee728b)  -> (artifact id: '8cdeaf6ece580ba691546c9d2fc0dc29') in 0.002689 seconds 
  Import took 0.004591 seconds .

========================================================================
Received Prepare
Registering precompiled user dll's ...
Registered in 0.002997 seconds.
Begin MonoManager ReloadAssembly
Native extension for WindowsStandalone target not found
Refreshing native plugins compatible for Editor in 0.48 ms, found 3 plugins.
Preloading 0 native plugins for Editor in 0.00 ms.
Mono: successfully reloaded assembly
- Completed reload, in  0.717 seconds
Domain Reload Profiling:
	ReloadAssembly (718ms)
		BeginReloadAssembly (95ms)
			ExecutionOrderSort (0ms)
			DisableScriptedObjects (5ms)
			BackupInstance (0ms)
			ReleaseScriptingObjects (0ms)
			CreateAndSetChildDomain (33ms)
		EndReloadAssembly (579ms)
			LoadAssemblies (60ms)
			RebuildTransferFunctionScriptingTraits (0ms)
			SetupTypeCache (172ms)
			ReleaseScriptCaches (1ms)
			RebuildScriptCaches (25ms)
			SetupLoadedEditorAssemblies (253ms)
				LogAssemblyErrors (0ms)
				InitializePlatformSupportModulesInManaged (4ms)
				SetLoadedEditorAssemblies (0ms)
				RefreshPlugins (1ms)
				BeforeProcessingInitializeOnLoad (55ms)
				ProcessInitializeOnLoadAttributes (185ms)
				ProcessInitializeOnLoadMethodAttributes (4ms)
				AfterProcessingInitializeOnLoad (5ms)
				EditorAssembliesLoaded (0ms)
			ExecutionOrderSort2 (0ms)
			AwakeInstancesAfterBackupRestoration (7ms)
Platform modules already initialized, skipping
Refreshing native plugins compatible for Editor in 0.37 ms, found 3 plugins.
Preloading 0 native plugins for Editor in 0.00 ms.
Unloading 2096 Unused Serialized files (Serialized files now loaded: 0)
System memory in use before: 93.5 MB.
System memory in use after: 93.4 MB.

Unloading 21 unused Assets to reduce memory usage. Loaded Objects now: 2539.
Total: 1.997000 ms (FindLiveObjects: 0.159800 ms CreateObjectMapping: 0.054400 ms MarkObjects: 1.720800 ms  DeleteObjects: 0.061200 ms)

AssetImportParameters requested are different than current active one (requested -> active):
  custom:framework-win-MediaFoundation: 216162199b28c13a410421893ffa2e32 -> 
  custom:video-decoder-ogg-theora: a1e56fd34408186e4bbccfd4996cb3dc -> 
  custom:container-muxer-webm: aa71ff27fc2769a1b78a27578f13a17b -> 
  custom:container-demuxer-webm: 4f35f7cbe854078d1ac9338744f61a02 -> 
  custom:container-demuxer-ogg: 62fdf1f143b41e24485cea50d1cbac27 -> 
  custom:video-encoder-webm-vp8: eb34c28f22e8b96e1ab97ce403110664 -> 
  custom:video-decoder-webm-vp8: 9c59270c3fd7afecdb556c50c9e8de78 -> 
  custom:audio-decoder-ogg-vorbis: bf7c407c2cedff20999df2af8eb42d56 -> 
  custom:audio-encoder-webm-vorbis: bf7c407c2cedff20999df2af8eb42d56 -> 
AssetImportWorkerClient::OnTransportError - code=2 error=End of file
